Removed world/data/fabricDynamicRegistry.dat: not used
Removed world/datapacks/anti enderman grief v1.1.0/pack.png: not used
Removed world/datapacks/cauldron concrete v2.0.3/pack.png: not used
Removed world/datapacks/VanillaTweaks_c619005/Selected Packs.txt: not used
Removed world/DIM-1/data/raids.dat: not used
Removed world/DIM-1/entities/r.-1.-6.mca: 0 size
Removed world/DIM-1/entities/r.-2.12.mca: 0 size
Removed world/DIM-1/entities/r.-3.0.mca: 0 size
Removed world/DIM-1/entities/r.-5.-1.mca: 0 size
Removed world/DIM-1/entities/r.-5.0.mca: 0 size
Removed world/DIM-1/entities/r.0.10.mca: 0 size
Removed world/DIM-1/entities/r.1.7.mca: 0 size
Removed world/DIM-1/entities/r.16.-13.mca: 0 size
Removed world/DIM-1/entities/r.17.-12.mca: 0 size
Removed world/DIM-1/entities/r.17.-13.mca: 0 size
Removed world/DIM-1/poi/r.-1.-3.mca: 0 size
Removed world/DIM-1/poi/r.-1.-6.mca: 0 size
Removed world/DIM-1/poi/r.-1.1.mca: 0 size
Removed world/DIM-1/poi/r.-1.2.mca: 0 size
Removed world/DIM-1/poi/r.-1.3.mca: 0 size
Removed world/DIM-1/poi/r.-1.4.mca: 0 size
Removed world/DIM-1/poi/r.-1.5.mca: 0 size
Removed world/DIM-1/poi/r.-1.8.mca: 0 size
Removed world/DIM-1/poi/r.-1.9.mca: 0 size
Removed world/DIM-1/poi/r.-2.-1.mca: 0 size
Removed world/DIM-1/poi/r.-2.-2.mca: 0 size
Removed world/DIM-1/poi/r.-2.0.mca: 0 size
Removed world/DIM-1/poi/r.-2.1.mca: 0 size
Removed world/DIM-1/poi/r.-2.12.mca: 0 size
Removed world/DIM-1/poi/r.-3.-1.mca: 0 size
Removed world/DIM-1/poi/r.-3.-2.mca: 0 size
Removed world/DIM-1/poi/r.-3.0.mca: 0 size
Removed world/DIM-1/poi/r.-4.-1.mca: 0 size
Removed world/DIM-1/poi/r.-4.-2.mca: 0 size
Removed world/DIM-1/poi/r.-4.0.mca: 0 size
Removed world/DIM-1/poi/r.-5.-11.mca: 0 size
Removed world/DIM-1/poi/r.-5.0.mca: 0 size
Removed world/DIM-1/poi/r.-6.-6.mca: 0 size
Removed world/DIM-1/poi/r.-6.-7.mca: 0 size
Removed world/DIM-1/poi/r.-7.-6.mca: 0 size
Removed world/DIM-1/poi/r.-7.-7.mca: 0 size
Removed world/DIM-1/poi/r.0.-3.mca: 0 size
Removed world/DIM-1/poi/r.0.-6.mca: 0 size
Removed world/DIM-1/poi/r.0.2.mca: 0 size
Removed world/DIM-1/poi/r.0.3.mca: 0 size
Removed world/DIM-1/poi/r.0.4.mca: 0 size
Removed world/DIM-1/poi/r.0.5.mca: 0 size
Removed world/DIM-1/poi/r.0.7.mca: 0 size
Removed world/DIM-1/poi/r.0.8.mca: 0 size
Removed world/DIM-1/poi/r.0.9.mca: 0 size
Removed world/DIM-1/poi/r.1.-1.mca: 0 size
Removed world/DIM-1/poi/r.1.-2.mca: 0 size
Removed world/DIM-1/poi/r.1.-3.mca: 0 size
Removed world/DIM-1/poi/r.1.0.mca: 0 size
Removed world/DIM-1/poi/r.1.1.mca: 0 size
Removed world/DIM-1/poi/r.1.2.mca: 0 size
Removed world/DIM-1/poi/r.1.3.mca: 0 size
Removed world/DIM-1/poi/r.1.4.mca: 0 size
Removed world/DIM-1/poi/r.16.-12.mca: 0 size
Removed world/DIM-1/poi/r.16.-13.mca: 0 size
Removed world/DIM-1/poi/r.17.-12.mca: 0 size
Removed world/DIM-1/poi/r.17.-13.mca: 0 size
Removed world/DIM-1/poi/r.2.-1.mca: 0 size
Removed world/DIM-1/poi/r.2.-3.mca: 0 size
Removed world/DIM-1/poi/r.2.0.mca: 0 size
Removed world/DIM-1/poi/r.2.1.mca: 0 size
Removed world/DIM1/entities/r.-11.-2.mca: 0 size
Removed world/DIM1/entities/r.-11.-3.mca: 0 size
Removed world/DIM1/entities/r.-12.-1.mca: 0 size
Removed world/DIM1/entities/r.-12.-2.mca: 0 size
Removed world/DIM1/entities/r.-13.-1.mca: 0 size
Removed world/DIM1/entities/r.-13.-2.mca: 0 size
Removed world/DIM1/entities/r.-14.-1.mca: 0 size
Removed world/DIM1/entities/r.-14.-2.mca: 0 size
Removed world/DIM1/entities/r.-15.-1.mca: 0 size
Removed world/DIM1/entities/r.-16.-2.mca: 0 size
Removed world/DIM1/entities/r.-17.-6.mca: 0 size
Removed world/DIM1/entities/r.-18.-2.mca: 0 size
Removed world/DIM1/entities/r.-18.-3.mca: 0 size
Removed world/DIM1/entities/r.-18.-4.mca: 0 size
Removed world/DIM1/entities/r.-18.-5.mca: 0 size
Removed world/DIM1/entities/r.-19.-5.mca: 0 size
Removed world/DIM1/entities/r.-19.-7.mca: 0 size
Removed world/DIM1/entities/r.-2.-1.mca: 0 size
Removed world/DIM1/entities/r.-20.-6.mca: 0 size
Removed world/DIM1/entities/r.-20.-7.mca: 0 size
Removed world/DIM1/entities/r.-21.-4.mca: 0 size
Removed world/DIM1/entities/r.-21.-5.mca: 0 size
Removed world/DIM1/entities/r.-22.-3.mca: 0 size
Removed world/DIM1/entities/r.-22.-4.mca: 0 size
Removed world/DIM1/entities/r.-22.-5.mca: 0 size
Removed world/DIM1/entities/r.-22.-6.mca: 0 size
Removed world/DIM1/entities/r.-23.-2.mca: 0 size
Removed world/DIM1/entities/r.-23.-3.mca: 0 size
Removed world/DIM1/entities/r.-24.-3.mca: 0 size
Removed world/DIM1/entities/r.-25.-2.mca: 0 size
Removed world/DIM1/entities/r.-25.-3.mca: 0 size
Removed world/DIM1/entities/r.-26.-2.mca: 0 size
Removed world/DIM1/entities/r.-27.-2.mca: 0 size
Removed world/DIM1/entities/r.-27.-7.mca: 0 size
Removed world/DIM1/entities/r.-27.-8.mca: 0 size
Removed world/DIM1/entities/r.-28.-2.mca: 0 size
Removed world/DIM1/entities/r.-28.-3.mca: 0 size
Removed world/DIM1/entities/r.-28.-8.mca: 0 size
Removed world/DIM1/entities/r.-28.-9.mca: 0 size
Removed world/DIM1/entities/r.-29.-4.mca: 0 size
Removed world/DIM1/entities/r.-29.-7.mca: 0 size
Removed world/DIM1/entities/r.-31.-11.mca: 0 size
Removed world/DIM1/entities/r.-32.-10.mca: 0 size
Removed world/DIM1/entities/r.-32.-11.mca: 0 size
Removed world/DIM1/entities/r.-32.-6.mca: 0 size
Removed world/DIM1/entities/r.-32.-7.mca: 0 size
Removed world/DIM1/entities/r.-33.-10.mca: 0 size
Removed world/DIM1/entities/r.-33.-8.mca: 0 size
Removed world/DIM1/entities/r.-33.-9.mca: 0 size
Removed world/DIM1/entities/r.-34.-5.mca: 0 size
Removed world/DIM1/entities/r.-34.-6.mca: 0 size
Removed world/DIM1/entities/r.-35.-4.mca: 0 size
Removed world/DIM1/entities/r.-4.-1.mca: 0 size
Removed world/DIM1/entities/r.-5.-1.mca: 0 size
Removed world/DIM1/entities/r.-5.0.mca: 0 size
Removed world/DIM1/entities/r.-8.-1.mca: 0 size
Removed world/DIM1/entities/r.-8.-2.mca: 0 size
Removed world/DIM1/entities/r.-8.0.mca: 0 size
Removed world/DIM1/entities/r.-9.-2.mca: 0 size
Removed world/DIM1/entities/r.1.2.mca: 0 size
Removed world/DIM1/poi/r.-1.-1.mca: 0 size
Removed world/DIM1/poi/r.-1.0.mca: 0 size
Removed world/DIM1/poi/r.-1.1.mca: 0 size
Removed world/DIM1/poi/r.-1.2.mca: 0 size
Removed world/DIM1/poi/r.-2.-1.mca: 0 size
Removed world/DIM1/poi/r.-2.0.mca: 0 size
Removed world/DIM1/poi/r.-2.1.mca: 0 size
Removed world/DIM1/poi/r.-2.2.mca: 0 size
Removed world/DIM1/poi/r.-22.-3.mca: 0 size
Removed world/DIM1/poi/r.-28.-6.mca: 0 size
Removed world/DIM1/poi/r.-28.-8.mca: 0 size
Removed world/DIM1/poi/r.-29.-2.mca: 0 size
Removed world/DIM1/poi/r.-29.-3.mca: 0 size
Removed world/DIM1/poi/r.-29.-4.mca: 0 size
Removed world/DIM1/poi/r.-29.-7.mca: 0 size
Removed world/DIM1/poi/r.-29.-8.mca: 0 size
Removed world/DIM1/poi/r.-3.-1.mca: 0 size
Removed world/DIM1/poi/r.-31.-10.mca: 0 size
Removed world/DIM1/poi/r.-31.-11.mca: 0 size
Removed world/DIM1/poi/r.-32.-10.mca: 0 size
Removed world/DIM1/poi/r.-4.0.mca: 0 size
Removed world/DIM1/poi/r.-5.0.mca: 0 size
Removed world/DIM1/poi/r.-6.0.mca: 0 size
Removed world/DIM1/poi/r.-7.-1.mca: 0 size
Removed world/DIM1/poi/r.-8.-2.mca: 0 size
Removed world/DIM1/poi/r.-9.-2.mca: 0 size
Removed world/DIM1/poi/r.0.0.mca: 0 size
Removed world/DIM1/poi/r.1.0.mca: 0 size
Removed world/DIM1/poi/r.1.2.mca: 0 size
Removed world/DIM1/poi/r.2.2.mca: 0 size
Removed world/entities/r.11.-6.mca: 0 size
Removed world/entities/r.14.-3.mca: 0 size
Removed world/entities/r.5.-8.mca: 0 size
Removed world/entities/r.6.-8.mca: 0 size
Removed world/gc-logs/gc-20211105_1604.log: not used
Removed world/gc-logs/gc-20211109_2308.log: not used
Removed world/gc-logs/gc-20211109_2312.log: not used
Removed world/playerdata/1d6591a0-ab06-4d7e-bd8f-7b7152f5e4a9.dat_old: not used
Removed world/playerdata/481ba9d8-962f-4609-bb46-0f742444f933.dat_old: not used
Removed world/playerdata/6645eac7-f038-400e-830a-85bbd80db6ca.dat_old: not used
Removed world/playerdata/6cf4eff7-8595-43d0-a154-331584ce712f.dat_old: not used
Removed world/playerdata/7bc880ed-5a67-46ed-85d0-c2ea0fe174c7.dat_old: not used
Removed world/playerdata/a2a94ce9-0f78-4905-aefb-79f3b1e6c502.dat_old: not used
Removed world/playerdata/f1de73a4-4f10-4819-95f2-0bf918eb9387.dat_old: not used
Removed world/poi/r.-1.-4.mca: 0 size
Removed world/poi/r.-3.-2.mca: 0 size
Removed world/poi/r.-4.-10.mca: 0 size
Removed world/poi/r.-4.-2.mca: 0 size
Removed world/poi/r.-4.-5.mca: 0 size
Removed world/poi/r.-4.-7.mca: 0 size
Removed world/poi/r.-4.-9.mca: 0 size
Removed world/poi/r.-5.-10.mca: 0 size
Removed world/poi/r.-6.-10.mca: 0 size
Removed world/poi/r.-6.-12.mca: 0 size
Removed world/poi/r.-6.-8.mca: 0 size
Removed world/poi/r.-7.-10.mca: 0 size
Removed world/poi/r.-7.-6.mca: 0 size
Removed world/poi/r.-8.-10.mca: 0 size
Removed world/poi/r.-8.-5.mca: 0 size
Removed world/poi/r.-8.-6.mca: 0 size
Removed world/poi/r.-8.-7.mca: 0 size
Removed world/poi/r.-8.-9.mca: 0 size
Removed world/poi/r.0.-12.mca: 0 size
Removed world/poi/r.0.-4.mca: 0 size
Removed world/poi/r.1.-4.mca: 0 size
Removed world/poi/r.1.-5.mca: 0 size
Removed world/poi/r.10.-6.mca: 0 size
Removed world/poi/r.13.-4.mca: 0 size
Removed world/poi/r.13.-5.mca: 0 size
Removed world/poi/r.15.-2.mca: 0 size
Removed world/poi/r.16.-14.mca: 0 size
Removed world/poi/r.16.-2.mca: 0 size
Removed world/poi/r.16.-3.mca: 0 size
Removed world/poi/r.17.-14.mca: 0 size
Removed world/poi/r.17.-2.mca: 0 size
Removed world/poi/r.2.-6.mca: 0 size
Removed world/poi/r.2.-7.mca: 0 size
Removed world/poi/r.2.-8.mca: 0 size
Removed world/poi/r.3.-8.mca: 0 size
Removed world/poi/r.4.-1.mca: 0 size
Removed world/poi/r.4.-8.mca: 0 size
Removed world/poi/r.4.0.mca: 0 size
Removed world/poi/r.4.2.mca: 0 size
Removed world/poi/r.5.-5.mca: 0 size
Removed world/poi/r.5.-6.mca: 0 size
Removed world/poi/r.6.-5.mca: 0 size
Removed world/poi/r.6.-6.mca: 0 size
Removed world/poi/r.6.-7.mca: 0 size
Removed world/poi/r.7.-4.mca: 0 size
Removed world/poi/r.7.-5.mca: 0 size
Removed world/poi/r.7.-6.mca: 0 size
Removed world/poi/r.7.-7.mca: 0 size
Removed world/poi/r.8.-5.mca: 0 size
Removed world/poi/r.8.-6.mca: 0 size
Removed world/poi/r.9.-6.mca: 0 size
Validated 2910 files, 2689 accepted, 221 rejected.
